21:13:43 **** Incremental Build of configuration Debug for project FlightController_v2.0 ****
make -j16 all 
arm-none-eabi-g++ "../Core/Src/rc/CRSF.cpp" -mcpu=cortex-m4 -std=gnu++14 -g3 -DDEBUG -DUSE_HAL_DRIVER -DSTM32G431xx -c -I../Core/Inc -IC:/Users/o.likhogub/STM32Cube/Repository/STM32Cube_FW_G4_V1.5.1/Drivers/STM32G4xx_HAL_Driver/Inc -IC:/Users/o.likhogub/STM32Cube/Repository/STM32Cube_FW_G4_V1.5.1/Drivers/STM32G4xx_HAL_Driver/Inc/Legacy -IC:/Users/o.likhogub/STM32Cube/Repository/STM32Cube_FW_G4_V1.5.1/Drivers/CMSIS/Device/ST/STM32G4xx/Include -IC:/Users/o.likhogub/STM32Cube/Repository/STM32Cube_FW_G4_V1.5.1/Drivers/CMSIS/Include -O0 -ffunction-sections -fdata-sections -fno-exceptions -fno-rtti -fno-use-cxa-atexit -Wall -fstack-usage -fcyclomatic-complexity -MMD -MP -MF"Core/Src/rc/CRSF.d" -MT"Core/Src/rc/CRSF.o" --specs=nano.specs -mfpu=fpv4-sp-d16 -mfloat-abi=hard -mthumb -o "Core/Src/rc/CRSF.o"
arm-none-eabi-g++ "../Core/Src/rc/RC.cpp" -mcpu=cortex-m4 -std=gnu++14 -g3 -DDEBUG -DUSE_HAL_DRIVER -DSTM32G431xx -c -I../Core/Inc -IC:/Users/o.likhogub/STM32Cube/Repository/STM32Cube_FW_G4_V1.5.1/Drivers/STM32G4xx_HAL_Driver/Inc -IC:/Users/o.likhogub/STM32Cube/Repository/STM32Cube_FW_G4_V1.5.1/Drivers/STM32G4xx_HAL_Driver/Inc/Legacy -IC:/Users/o.likhogub/STM32Cube/Repository/STM32Cube_FW_G4_V1.5.1/Drivers/CMSIS/Device/ST/STM32G4xx/Include -IC:/Users/o.likhogub/STM32Cube/Repository/STM32Cube_FW_G4_V1.5.1/Drivers/CMSIS/Include -O0 -ffunction-sections -fdata-sections -fno-exceptions -fno-rtti -fno-use-cxa-atexit -Wall -fstack-usage -fcyclomatic-complexity -MMD -MP -MF"Core/Src/rc/RC.d" -MT"Core/Src/rc/RC.o" --specs=nano.specs -mfpu=fpv4-sp-d16 -mfloat-abi=hard -mthumb -o "Core/Src/rc/RC.o"
arm-none-eabi-g++ "../Core/Src/rc/RC_param.cpp" -mcpu=cortex-m4 -std=gnu++14 -g3 -DDEBUG -DUSE_HAL_DRIVER -DSTM32G431xx -c -I../Core/Inc -IC:/Users/o.likhogub/STM32Cube/Repository/STM32Cube_FW_G4_V1.5.1/Drivers/STM32G4xx_HAL_Driver/Inc -IC:/Users/o.likhogub/STM32Cube/Repository/STM32Cube_FW_G4_V1.5.1/Drivers/STM32G4xx_HAL_Driver/Inc/Legacy -IC:/Users/o.likhogub/STM32Cube/Repository/STM32Cube_FW_G4_V1.5.1/Drivers/CMSIS/Device/ST/STM32G4xx/Include -IC:/Users/o.likhogub/STM32Cube/Repository/STM32Cube_FW_G4_V1.5.1/Drivers/CMSIS/Include -O0 -ffunction-sections -fdata-sections -fno-exceptions -fno-rtti -fno-use-cxa-atexit -Wall -fstack-usage -fcyclomatic-complexity -MMD -MP -MF"Core/Src/rc/RC_param.d" -MT"Core/Src/rc/RC_param.o" --specs=nano.specs -mfpu=fpv4-sp-d16 -mfloat-abi=hard -mthumb -o "Core/Src/rc/RC_param.o"
arm-none-eabi-g++ "../Core/Src/rc/S-Bus.cpp" -mcpu=cortex-m4 -std=gnu++14 -g3 -DDEBUG -DUSE_HAL_DRIVER -DSTM32G431xx -c -I../Core/Inc -IC:/Users/o.likhogub/STM32Cube/Repository/STM32Cube_FW_G4_V1.5.1/Drivers/STM32G4xx_HAL_Driver/Inc -IC:/Users/o.likhogub/STM32Cube/Repository/STM32Cube_FW_G4_V1.5.1/Drivers/STM32G4xx_HAL_Driver/Inc/Legacy -IC:/Users/o.likhogub/STM32Cube/Repository/STM32Cube_FW_G4_V1.5.1/Drivers/CMSIS/Device/ST/STM32G4xx/Include -IC:/Users/o.likhogub/STM32Cube/Repository/STM32Cube_FW_G4_V1.5.1/Drivers/CMSIS/Include -O0 -ffunction-sections -fdata-sections -fno-exceptions -fno-rtti -fno-use-cxa-atexit -Wall -fstack-usage -fcyclomatic-complexity -MMD -MP -MF"Core/Src/rc/S-Bus.d" -MT"Core/Src/rc/S-Bus.o" --specs=nano.specs -mfpu=fpv4-sp-d16 -mfloat-abi=hard -mthumb -o "Core/Src/rc/S-Bus.o"
arm-none-eabi-g++ "../Core/Src/param/param.cpp" -mcpu=cortex-m4 -std=gnu++14 -g3 -DDEBUG -DUSE_HAL_DRIVER -DSTM32G431xx -c -I../Core/Inc -IC:/Users/o.likhogub/STM32Cube/Repository/STM32Cube_FW_G4_V1.5.1/Drivers/STM32G4xx_HAL_Driver/Inc -IC:/Users/o.likhogub/STM32Cube/Repository/STM32Cube_FW_G4_V1.5.1/Drivers/STM32G4xx_HAL_Driver/Inc/Legacy -IC:/Users/o.likhogub/STM32Cube/Repository/STM32Cube_FW_G4_V1.5.1/Drivers/CMSIS/Device/ST/STM32G4xx/Include -IC:/Users/o.likhogub/STM32Cube/Repository/STM32Cube_FW_G4_V1.5.1/Drivers/CMSIS/Include -O0 -ffunction-sections -fdata-sections -fno-exceptions -fno-rtti -fno-use-cxa-atexit -Wall -fstack-usage -fcyclomatic-complexity -MMD -MP -MF"Core/Src/param/param.d" -MT"Core/Src/param/param.o" --specs=nano.specs -mfpu=fpv4-sp-d16 -mfloat-abi=hard -mthumb -o "Core/Src/param/param.o"
arm-none-eabi-g++ "../Core/Src/motor/motor.cpp" -mcpu=cortex-m4 -std=gnu++14 -g3 -DDEBUG -DUSE_HAL_DRIVER -DSTM32G431xx -c -I../Core/Inc -IC:/Users/o.likhogub/STM32Cube/Repository/STM32Cube_FW_G4_V1.5.1/Drivers/STM32G4xx_HAL_Driver/Inc -IC:/Users/o.likhogub/STM32Cube/Repository/STM32Cube_FW_G4_V1.5.1/Drivers/STM32G4xx_HAL_Driver/Inc/Legacy -IC:/Users/o.likhogub/STM32Cube/Repository/STM32Cube_FW_G4_V1.5.1/Drivers/CMSIS/Device/ST/STM32G4xx/Include -IC:/Users/o.likhogub/STM32Cube/Repository/STM32Cube_FW_G4_V1.5.1/Drivers/CMSIS/Include -O0 -ffunction-sections -fdata-sections -fno-exceptions -fno-rtti -fno-use-cxa-atexit -Wall -fstack-usage -fcyclomatic-complexity -MMD -MP -MF"Core/Src/motor/motor.d" -MT"Core/Src/motor/motor.o" --specs=nano.specs -mfpu=fpv4-sp-d16 -mfloat-abi=hard -mthumb -o "Core/Src/motor/motor.o"
arm-none-eabi-g++ "../Core/Src/modes/Disarm.cpp" -mcpu=cortex-m4 -std=gnu++14 -g3 -DDEBUG -DUSE_HAL_DRIVER -DSTM32G431xx -c -I../Core/Inc -IC:/Users/o.likhogub/STM32Cube/Repository/STM32Cube_FW_G4_V1.5.1/Drivers/STM32G4xx_HAL_Driver/Inc -IC:/Users/o.likhogub/STM32Cube/Repository/STM32Cube_FW_G4_V1.5.1/Drivers/STM32G4xx_HAL_Driver/Inc/Legacy -IC:/Users/o.likhogub/STM32Cube/Repository/STM32Cube_FW_G4_V1.5.1/Drivers/CMSIS/Device/ST/STM32G4xx/Include -IC:/Users/o.likhogub/STM32Cube/Repository/STM32Cube_FW_G4_V1.5.1/Drivers/CMSIS/Include -O0 -ffunction-sections -fdata-sections -fno-exceptions -fno-rtti -fno-use-cxa-atexit -Wall -fstack-usage -fcyclomatic-complexity -MMD -MP -MF"Core/Src/modes/Disarm.d" -MT"Core/Src/modes/Disarm.o" --specs=nano.specs -mfpu=fpv4-sp-d16 -mfloat-abi=hard -mthumb -o "Core/Src/modes/Disarm.o"
arm-none-eabi-g++ "../Core/Src/modes/Modes.cpp" -mcpu=cortex-m4 -std=gnu++14 -g3 -DDEBUG -DUSE_HAL_DRIVER -DSTM32G431xx -c -I../Core/Inc -IC:/Users/o.likhogub/STM32Cube/Repository/STM32Cube_FW_G4_V1.5.1/Drivers/STM32G4xx_HAL_Driver/Inc -IC:/Users/o.likhogub/STM32Cube/Repository/STM32Cube_FW_G4_V1.5.1/Drivers/STM32G4xx_HAL_Driver/Inc/Legacy -IC:/Users/o.likhogub/STM32Cube/Repository/STM32Cube_FW_G4_V1.5.1/Drivers/CMSIS/Device/ST/STM32G4xx/Include -IC:/Users/o.likhogub/STM32Cube/Repository/STM32Cube_FW_G4_V1.5.1/Drivers/CMSIS/Include -O0 -ffunction-sections -fdata-sections -fno-exceptions -fno-rtti -fno-use-cxa-atexit -Wall -fstack-usage -fcyclomatic-complexity -MMD -MP -MF"Core/Src/modes/Modes.d" -MT"Core/Src/modes/Modes.o" --specs=nano.specs -mfpu=fpv4-sp-d16 -mfloat-abi=hard -mthumb -o "Core/Src/modes/Modes.o"
arm-none-eabi-g++ "../Core/Src/modes/Stabilize.cpp" -mcpu=cortex-m4 -std=gnu++14 -g3 -DDEBUG -DUSE_HAL_DRIVER -DSTM32G431xx -c -I../Core/Inc -IC:/Users/o.likhogub/STM32Cube/Repository/STM32Cube_FW_G4_V1.5.1/Drivers/STM32G4xx_HAL_Driver/Inc -IC:/Users/o.likhogub/STM32Cube/Repository/STM32Cube_FW_G4_V1.5.1/Drivers/STM32G4xx_HAL_Driver/Inc/Legacy -IC:/Users/o.likhogub/STM32Cube/Repository/STM32Cube_FW_G4_V1.5.1/Drivers/CMSIS/Device/ST/STM32G4xx/Include -IC:/Users/o.likhogub/STM32Cube/Repository/STM32Cube_FW_G4_V1.5.1/Drivers/CMSIS/Include -O0 -ffunction-sections -fdata-sections -fno-exceptions -fno-rtti -fno-use-cxa-atexit -Wall -fstack-usage -fcyclomatic-complexity -MMD -MP -MF"Core/Src/modes/Stabilize.d" -MT"Core/Src/modes/Stabilize.o" --specs=nano.specs -mfpu=fpv4-sp-d16 -mfloat-abi=hard -mthumb -o "Core/Src/modes/Stabilize.o"
arm-none-eabi-g++ "../Core/Src/mavlink/mavlink.cpp" -mcpu=cortex-m4 -std=gnu++14 -g3 -DDEBUG -DUSE_HAL_DRIVER -DSTM32G431xx -c -I../Core/Inc -IC:/Users/o.likhogub/STM32Cube/Repository/STM32Cube_FW_G4_V1.5.1/Drivers/STM32G4xx_HAL_Driver/Inc -IC:/Users/o.likhogub/STM32Cube/Repository/STM32Cube_FW_G4_V1.5.1/Drivers/STM32G4xx_HAL_Driver/Inc/Legacy -IC:/Users/o.likhogub/STM32Cube/Repository/STM32Cube_FW_G4_V1.5.1/Drivers/CMSIS/Device/ST/STM32G4xx/Include -IC:/Users/o.likhogub/STM32Cube/Repository/STM32Cube_FW_G4_V1.5.1/Drivers/CMSIS/Include -O0 -ffunction-sections -fdata-sections -fno-exceptions -fno-rtti -fno-use-cxa-atexit -Wall -fstack-usage -fcyclomatic-complexity -MMD -MP -MF"Core/Src/mavlink/mavlink.d" -MT"Core/Src/mavlink/mavlink.o" --specs=nano.specs -mfpu=fpv4-sp-d16 -mfloat-abi=hard -mthumb -o "Core/Src/mavlink/mavlink.o"
arm-none-eabi-g++ "../Core/Src/math/math.cpp" -mcpu=cortex-m4 -std=gnu++14 -g3 -DDEBUG -DUSE_HAL_DRIVER -DSTM32G431xx -c -I../Core/Inc -IC:/Users/o.likhogub/STM32Cube/Repository/STM32Cube_FW_G4_V1.5.1/Drivers/STM32G4xx_HAL_Driver/Inc -IC:/Users/o.likhogub/STM32Cube/Repository/STM32Cube_FW_G4_V1.5.1/Drivers/STM32G4xx_HAL_Driver/Inc/Legacy -IC:/Users/o.likhogub/STM32Cube/Repository/STM32Cube_FW_G4_V1.5.1/Drivers/CMSIS/Device/ST/STM32G4xx/Include -IC:/Users/o.likhogub/STM32Cube/Repository/STM32Cube_FW_G4_V1.5.1/Drivers/CMSIS/Include -O0 -ffunction-sections -fdata-sections -fno-exceptions -fno-rtti -fno-use-cxa-atexit -Wall -fstack-usage -fcyclomatic-complexity -MMD -MP -MF"Core/Src/math/math.d" -MT"Core/Src/math/math.o" --specs=nano.specs -mfpu=fpv4-sp-d16 -mfloat-abi=hard -mthumb -o "Core/Src/math/math.o"
arm-none-eabi-g++ "../Core/Src/indicators/LED.cpp" -mcpu=cortex-m4 -std=gnu++14 -g3 -DDEBUG -DUSE_HAL_DRIVER -DSTM32G431xx -c -I../Core/Inc -IC:/Users/o.likhogub/STM32Cube/Repository/STM32Cube_FW_G4_V1.5.1/Drivers/STM32G4xx_HAL_Driver/Inc -IC:/Users/o.likhogub/STM32Cube/Repository/STM32Cube_FW_G4_V1.5.1/Drivers/STM32G4xx_HAL_Driver/Inc/Legacy -IC:/Users/o.likhogub/STM32Cube/Repository/STM32Cube_FW_G4_V1.5.1/Drivers/CMSIS/Device/ST/STM32G4xx/Include -IC:/Users/o.likhogub/STM32Cube/Repository/STM32Cube_FW_G4_V1.5.1/Drivers/CMSIS/Include -O0 -ffunction-sections -fdata-sections -fno-exceptions -fno-rtti -fno-use-cxa-atexit -Wall -fstack-usage -fcyclomatic-complexity -MMD -MP -MF"Core/Src/indicators/LED.d" -MT"Core/Src/indicators/LED.o" --specs=nano.specs -mfpu=fpv4-sp-d16 -mfloat-abi=hard -mthumb -o "Core/Src/indicators/LED.o"
arm-none-eabi-g++ "../Core/Src/control/Control.cpp" -mcpu=cortex-m4 -std=gnu++14 -g3 -DDEBUG -DUSE_HAL_DRIVER -DSTM32G431xx -c -I../Core/Inc -IC:/Users/o.likhogub/STM32Cube/Repository/STM32Cube_FW_G4_V1.5.1/Drivers/STM32G4xx_HAL_Driver/Inc -IC:/Users/o.likhogub/STM32Cube/Repository/STM32Cube_FW_G4_V1.5.1/Drivers/STM32G4xx_HAL_Driver/Inc/Legacy -IC:/Users/o.likhogub/STM32Cube/Repository/STM32Cube_FW_G4_V1.5.1/Drivers/CMSIS/Device/ST/STM32G4xx/Include -IC:/Users/o.likhogub/STM32Cube/Repository/STM32Cube_FW_G4_V1.5.1/Drivers/CMSIS/Include -O0 -ffunction-sections -fdata-sections -fno-exceptions -fno-rtti -fno-use-cxa-atexit -Wall -fstack-usage -fcyclomatic-complexity -MMD -MP -MF"Core/Src/control/Control.d" -MT"Core/Src/control/Control.o" --specs=nano.specs -mfpu=fpv4-sp-d16 -mfloat-abi=hard -mthumb -o "Core/Src/control/Control.o"
arm-none-eabi-g++ "../Core/Src/control/Control_param.cpp" -mcpu=cortex-m4 -std=gnu++14 -g3 -DDEBUG -DUSE_HAL_DRIVER -DSTM32G431xx -c -I../Core/Inc -IC:/Users/o.likhogub/STM32Cube/Repository/STM32Cube_FW_G4_V1.5.1/Drivers/STM32G4xx_HAL_Driver/Inc -IC:/Users/o.likhogub/STM32Cube/Repository/STM32Cube_FW_G4_V1.5.1/Drivers/STM32G4xx_HAL_Driver/Inc/Legacy -IC:/Users/o.likhogub/STM32Cube/Repository/STM32Cube_FW_G4_V1.5.1/Drivers/CMSIS/Device/ST/STM32G4xx/Include -IC:/Users/o.likhogub/STM32Cube/Repository/STM32Cube_FW_G4_V1.5.1/Drivers/CMSIS/Include -O0 -ffunction-sections -fdata-sections -fno-exceptions -fno-rtti -fno-use-cxa-atexit -Wall -fstack-usage -fcyclomatic-complexity -MMD -MP -MF"Core/Src/control/Control_param.d" -MT"Core/Src/control/Control_param.o" --specs=nano.specs -mfpu=fpv4-sp-d16 -mfloat-abi=hard -mthumb -o "Core/Src/control/Control_param.o"
arm-none-eabi-g++ "../Core/Src/ahrs/ahrs.cpp" -mcpu=cortex-m4 -std=gnu++14 -g3 -DDEBUG -DUSE_HAL_DRIVER -DSTM32G431xx -c -I../Core/Inc -IC:/Users/o.likhogub/STM32Cube/Repository/STM32Cube_FW_G4_V1.5.1/Drivers/STM32G4xx_HAL_Driver/Inc -IC:/Users/o.likhogub/STM32Cube/Repository/STM32Cube_FW_G4_V1.5.1/Drivers/STM32G4xx_HAL_Driver/Inc/Legacy -IC:/Users/o.likhogub/STM32Cube/Repository/STM32Cube_FW_G4_V1.5.1/Drivers/CMSIS/Device/ST/STM32G4xx/Include -IC:/Users/o.likhogub/STM32Cube/Repository/STM32Cube_FW_G4_V1.5.1/Drivers/CMSIS/Include -O0 -ffunction-sections -fdata-sections -fno-exceptions -fno-rtti -fno-use-cxa-atexit -Wall -fstack-usage -fcyclomatic-complexity -MMD -MP -MF"Core/Src/ahrs/ahrs.d" -MT"Core/Src/ahrs/ahrs.o" --specs=nano.specs -mfpu=fpv4-sp-d16 -mfloat-abi=hard -mthumb -o "Core/Src/ahrs/ahrs.o"
arm-none-eabi-g++ "../Core/Src/ahrs/ahrs_param.cpp" -mcpu=cortex-m4 -std=gnu++14 -g3 -DDEBUG -DUSE_HAL_DRIVER -DSTM32G431xx -c -I../Core/Inc -IC:/Users/o.likhogub/STM32Cube/Repository/STM32Cube_FW_G4_V1.5.1/Drivers/STM32G4xx_HAL_Driver/Inc -IC:/Users/o.likhogub/STM32Cube/Repository/STM32Cube_FW_G4_V1.5.1/Drivers/STM32G4xx_HAL_Driver/Inc/Legacy -IC:/Users/o.likhogub/STM32Cube/Repository/STM32Cube_FW_G4_V1.5.1/Drivers/CMSIS/Device/ST/STM32G4xx/Include -IC:/Users/o.likhogub/STM32Cube/Repository/STM32Cube_FW_G4_V1.5.1/Drivers/CMSIS/Include -O0 -ffunction-sections -fdata-sections -fno-exceptions -fno-rtti -fno-use-cxa-atexit -Wall -fstack-usage -fcyclomatic-complexity -MMD -MP -MF"Core/Src/ahrs/ahrs_param.d" -MT"Core/Src/ahrs/ahrs_param.o" --specs=nano.specs -mfpu=fpv4-sp-d16 -mfloat-abi=hard -mthumb -o "Core/Src/ahrs/ahrs_param.o"
arm-none-eabi-g++ "../Core/Src/ahrs/atmosphere.cpp" -mcpu=cortex-m4 -std=gnu++14 -g3 -DDEBUG -DUSE_HAL_DRIVER -DSTM32G431xx -c -I../Core/Inc -IC:/Users/o.likhogub/STM32Cube/Repository/STM32Cube_FW_G4_V1.5.1/Drivers/STM32G4xx_HAL_Driver/Inc -IC:/Users/o.likhogub/STM32Cube/Repository/STM32Cube_FW_G4_V1.5.1/Drivers/STM32G4xx_HAL_Driver/Inc/Legacy -IC:/Users/o.likhogub/STM32Cube/Repository/STM32Cube_FW_G4_V1.5.1/Drivers/CMSIS/Device/ST/STM32G4xx/Include -IC:/Users/o.likhogub/STM32Cube/Repository/STM32Cube_FW_G4_V1.5.1/Drivers/CMSIS/Include -O0 -ffunction-sections -fdata-sections -fno-exceptions -fno-rtti -fno-use-cxa-atexit -Wall -fstack-usage -fcyclomatic-complexity -MMD -MP -MF"Core/Src/ahrs/atmosphere.d" -MT"Core/Src/ahrs/atmosphere.o" --specs=nano.specs -mfpu=fpv4-sp-d16 -mfloat-abi=hard -mthumb -o "Core/Src/ahrs/atmosphere.o"
In file included from ../Core/Src/mavlink/mavlink.hpp:3,
                 from ../Core/Src/mavlink/mavlink.cpp:1:
../Core/Inc/mavlink_bridge_header.hpp:6:10: fatal error: mavlink/mavlink_types.h: No such file or directory
    6 | #include "mavlink/mavlink_types.h"
      |          ^~~~~~~~~~~~~~~~~~~~~~~~~
compilation terminated.
make: *** [Core/Src/mavlink/subdir.mk:19: Core/Src/mavlink/mavlink.o] Error 1
make: *** Waiting for unfinished jobs....
In file included from ../Core/Src/math/math.cpp:1:
../Core/Src/math/math.hpp:2:10: fatal error: Eigen/Geometry: No such file or directory
    2 | #include <Eigen/Geometry>
      |          ^~~~~~~~~~~~~~~~
compilation terminated.
make: *** [Core/Src/math/subdir.mk:19: Core/Src/math/math.o] Error 1
In file included from ../Core/Src/ahrs/ahrs.cpp:1:
../Core/Src/ahrs/ahrs.hpp:2:10: fatal error: Eigen/Geometry: No such file or directory
    2 | #include <Eigen/Geometry>
      |          ^~~~~~~~~~~~~~~~
compilation terminated.
../Core/Src/modes/Disarm.cpp:2:10: fatal error: motor/motor.hpp: No such file or directory
    2 | #include "motor/motor.hpp"
      |          ^~~~~~~~~~~~~~~~~
compilation terminated.
make: *** [Core/Src/ahrs/subdir.mk:25: Core/Src/ahrs/ahrs.o] Error 1
In file included from ../Core/Src/indicators/LED.cpp:1:
../Core/Src/indicators/LED.hpp:22:5: warning: inline variables are only available with '-std=c++17' or '-std=gnu++17'
   22 |     inline Color color = Color::off;
      |     ^~~~~~
../Core/Src/indicators/LED.hpp:23:5: warning: inline variables are only available with '-std=c++17' or '-std=gnu++17'
   23 |     inline Action action = Action::off;
      |     ^~~~~~
In file included from ../Core/Src/ahrs/ahrs_param.cpp:1:
../Core/Src/ahrs/ahrs.hpp:2:10: fatal error: Eigen/Geometry: No such file or directory
    2 | #include <Eigen/Geometry>
      |          ^~~~~~~~~~~~~~~~
compilation terminated.
../Core/Src/rc/RC.cpp:4:10: fatal error: Board.hpp: No such file or directory
    4 | #include "Board.hpp"
      |          ^~~~~~~~~~~
compilation terminated.
make: *** [Core/Src/modes/subdir.mk:25: Core/Src/modes/Disarm.o] Error 1
../Core/Src/motor/motor.cpp: In function 'void Motor::disarm()':
../Core/Src/motor/motor.cpp:43:14: error: 'fill' is not a member of 'std'
   43 |         std::fill(power, &power[maxCount], NAN);
      |              ^~~~
../Core/Src/motor/motor.cpp: In function 'void Motor::arm()':
../Core/Src/motor/motor.cpp:56:14: error: 'fill' is not a member of 'std'
   56 |         std::fill(power, &power[maxCount], 0);
      |              ^~~~
make: *** [Core/Src/ahrs/subdir.mk:25: Core/Src/ahrs/ahrs_param.o] Error 1
../Core/Src/modes/Modes.cpp:4:10: fatal error: ArduinoAPI/Print.h: No such file or directory
    4 | #include "ArduinoAPI/Print.h"
      |          ^~~~~~~~~~~~~~~~~~~~
compilation terminated.
make: *** [Core/Src/rc/subdir.mk:28: Core/Src/rc/RC.o] Error 1
make: *** [Core/Src/motor/subdir.mk:19: Core/Src/motor/motor.o] Error 1
make: *** [Core/Src/modes/subdir.mk:25: Core/Src/modes/Modes.o] Error 1
In file included from ../Core/Src/control/Control_param.cpp:1:
../Core/Src/control/Control.hpp:3:10: fatal error: PID.hpp: No such file or directory
    3 | #include <PID.hpp>
      |          ^~~~~~~~~
compilation terminated.
In file included from ../Core/Src/control/Control.cpp:1:
../Core/Src/control/Control.hpp:3:10: fatal error: PID.hpp: No such file or directory
    3 | #include <PID.hpp>
      |          ^~~~~~~~~
compilation terminated.
make: *** [Core/Src/control/subdir.mk:22: Core/Src/control/Control_param.o] Error 1
make: *** [Core/Src/control/subdir.mk:22: Core/Src/control/Control.o] Error 1
In file included from ../Core/Src/modes/Stabilize.cpp:2:
../Core/Src/modes/Stabilize.hpp:8:10: fatal error: Eigen/Geometry: No such file or directory
    8 | #include <Eigen/Geometry>
      |          ^~~~~~~~~~~~~~~~
compilation terminated.
make: *** [Core/Src/modes/subdir.mk:25: Core/Src/modes/Stabilize.o] Error 1
"make -j16 all" terminated with exit code 2. Build might be incomplete.

21:13:44 Build Failed. 24 errors, 2 warnings. (took 944ms)

